<?xml version="1.0" encoding="UTF-8"?>
<testng-results ignored="2" total="4" passed="2" failed="0" skipped="0">
  <reporter-output>
    <line>
      <![CDATA[Extent Report Directory/Users/mirouflyer/mirou-workspace/FrameWorkTest1/LetsKodeIt/target/surefire-reports/html]]>
    </line>
    <line>
      <![CDATA[Browser is launching]]>
    </line>
    <line>
      <![CDATA[PageTitleTest: title Page Test]]>
    </line>
    <line>
      <![CDATA[Browser is launching]]>
    </line>
    <line>
      <![CDATA[RadioButtonTest: selection Radio Button Test]]>
    </line>
    <line>
      <![CDATA[Browser is launching]]>
    </line>
    <line>
      <![CDATA[RadioButton: selection]]>
    </line>
  </reporter-output>
  <suite started-at="2020-05-23T04:20:09Z" name="Walmart Automation Script " finished-at="2020-05-23T04:20:33Z" duration-ms="23787">
    <groups>
    </groups>
    <test started-at="2020-05-23T04:20:09Z" name="LetsKodeIt" finished-at="2020-05-23T04:20:33Z" duration-ms="23787">
      <class name="pageHomeTitleTest.PageTitleTest">
        <test-method is-config="true" signature="extentSetup(org.testng.ITestContext)[pri:0, instance:pageHomeTitleTest.PageTitleTest@6f1de4c7]" started-at="2020-05-23T04:20:09Z" name="extentSetup" finished-at="2020-05-23T04:20:09Z" duration-ms="152" status="PASS">
          <params>
            <param index="0">
              <value>
                <![CDATA[org.testng.TestRunner@4af46df3]]>
              </value>
            </param>
          </params>
          <reporter-output>
            <line>
              <![CDATA[Extent Report Directory/Users/mirouflyer/mirou-workspace/FrameWorkTest1/LetsKodeIt/target/surefire-reports/html]]>
            </line>
          </reporter-output>
        </test-method> <!-- extentSetup -->
        <test-method is-config="true" signature="setUp(boolean, java.lang.String, java.lang.String, java.lang.String, java.lang.String, java.lang.String, java.lang.String)[pri:0, instance:pageHomeTitleTest.PageTitleTest@6f1de4c7]" started-at="2020-05-23T04:20:09Z" name="setUp" finished-at="2020-05-23T04:20:17Z" duration-ms="7908" status="PASS">
          <params>
            <param index="0">
              <value>
                <![CDATA[false]]>
              </value>
            </param>
            <param index="1">
              <value>
                <![CDATA[browserstack]]>
              </value>
            </param>
            <param index="2">
              <value>
                <![CDATA[OS X]]>
              </value>
            </param>
            <param index="3">
              <value>
                <![CDATA[Sierra]]>
              </value>
            </param>
            <param index="4">
              <value>
                <![CDATA[firefox]]>
              </value>
            </param>
            <param index="5">
              <value>
                <![CDATA[76]]>
              </value>
            </param>
            <param index="6">
              <value>
                <![CDATA[https://letskodeit.teachable.com/p/practice]]>
              </value>
            </param>
          </params>
          <reporter-output>
          </reporter-output>
        </test-method> <!-- setUp -->
        <test-method is-config="true" signature="startExtent(java.lang.reflect.Method)[pri:0, instance:pageHomeTitleTest.PageTitleTest@6f1de4c7]" started-at="2020-05-23T04:20:17Z" name="startExtent" finished-at="2020-05-23T04:20:17Z" duration-ms="3" status="PASS">
          <params>
            <param index="0">
              <value>
                <![CDATA[public void pageHomeTitleTest.PageTitleTest.titlePageTest()]]>
              </value>
            </param>
          </params>
          <reporter-output>
          </reporter-output>
        </test-method> <!-- startExtent -->
        <test-method signature="titlePageTest()[pri:0, instance:pageHomeTitleTest.PageTitleTest@6f1de4c7]" started-at="2020-05-23T04:20:17Z" name="titlePageTest" finished-at="2020-05-23T04:20:17Z" duration-ms="17" status="PASS">
          <reporter-output>
            <line>
              <![CDATA[Browser is launching]]>
            </line>
            <line>
              <![CDATA[PageTitleTest: title Page Test]]>
            </line>
          </reporter-output>
        </test-method> <!-- titlePageTest -->
        <test-method is-config="true" signature="afterEachTestMethod(org.testng.ITestResult)[pri:0, instance:pageHomeTitleTest.PageTitleTest@6f1de4c7]" started-at="2020-05-23T04:20:17Z" name="afterEachTestMethod" finished-at="2020-05-23T04:20:20Z" duration-ms="2820" status="PASS">
          <params>
            <param index="0">
              <value>
                <![CDATA[[TestResult name=titlePageTest status=SUCCESS method=PageTitleTest.titlePageTest()[pri:0, instance:pageHomeTitleTest.PageTitleTest@6f1de4c7] output=Browser is launching]]]>
              </value>
            </param>
          </params>
          <reporter-output>
          </reporter-output>
        </test-method> <!-- afterEachTestMethod -->
        <test-method is-config="true" signature="generateReport()[pri:0, instance:pageHomeTitleTest.PageTitleTest@6f1de4c7]" started-at="2020-05-23T04:20:33Z" name="generateReport" finished-at="2020-05-23T04:20:33Z" duration-ms="21" status="PASS">
          <reporter-output>
          </reporter-output>
        </test-method> <!-- generateReport -->
      </class> <!-- pageHomeTitleTest.PageTitleTest -->
      <class name="selectionMenuTest.RadioButtonTest">
        <test-method is-config="true" signature="setUp(boolean, java.lang.String, java.lang.String, java.lang.String, java.lang.String, java.lang.String, java.lang.String)[pri:0, instance:selectionMenuTest.RadioButtonTest@459e9125]" started-at="2020-05-23T04:20:20Z" name="setUp" finished-at="2020-05-23T04:20:28Z" duration-ms="8096" status="PASS">
          <params>
            <param index="0">
              <value>
                <![CDATA[false]]>
              </value>
            </param>
            <param index="1">
              <value>
                <![CDATA[browserstack]]>
              </value>
            </param>
            <param index="2">
              <value>
                <![CDATA[OS X]]>
              </value>
            </param>
            <param index="3">
              <value>
                <![CDATA[Sierra]]>
              </value>
            </param>
            <param index="4">
              <value>
                <![CDATA[firefox]]>
              </value>
            </param>
            <param index="5">
              <value>
                <![CDATA[76]]>
              </value>
            </param>
            <param index="6">
              <value>
                <![CDATA[https://letskodeit.teachable.com/p/practice]]>
              </value>
            </param>
          </params>
          <reporter-output>
          </reporter-output>
        </test-method> <!-- setUp -->
        <test-method is-config="true" signature="startExtent(java.lang.reflect.Method)[pri:0, instance:selectionMenuTest.RadioButtonTest@459e9125]" started-at="2020-05-23T04:20:28Z" name="startExtent" finished-at="2020-05-23T04:20:28Z" duration-ms="0" status="PASS">
          <params>
            <param index="0">
              <value>
                <![CDATA[public void selectionMenuTest.RadioButtonTest.selectionRadioButtonTest()]]>
              </value>
            </param>
          </params>
          <reporter-output>
          </reporter-output>
        </test-method> <!-- startExtent -->
        <test-method signature="selectionRadioButtonTest()[pri:0, instance:selectionMenuTest.RadioButtonTest@459e9125]" started-at="2020-05-23T04:20:28Z" name="selectionRadioButtonTest" finished-at="2020-05-23T04:20:29Z" duration-ms="337" status="PASS">
          <reporter-output>
            <line>
              <![CDATA[Browser is launching]]>
            </line>
            <line>
              <![CDATA[RadioButtonTest: selection Radio Button Test]]>
            </line>
            <line>
              <![CDATA[Browser is launching]]>
            </line>
            <line>
              <![CDATA[RadioButton: selection]]>
            </line>
          </reporter-output>
        </test-method> <!-- selectionRadioButtonTest -->
        <test-method is-config="true" signature="afterEachTestMethod(org.testng.ITestResult)[pri:0, instance:selectionMenuTest.RadioButtonTest@459e9125]" started-at="2020-05-23T04:20:29Z" name="afterEachTestMethod" finished-at="2020-05-23T04:20:33Z" duration-ms="4589" status="PASS">
          <params>
            <param index="0">
              <value>
                <![CDATA[[TestResult name=selectionRadioButtonTest status=SUCCESS method=RadioButtonTest.selectionRadioButtonTest()[pri:0, instance:selectionMenuTest.RadioButtonTest@459e9125] output=Browser is launching]]]>
              </value>
            </param>
          </params>
          <reporter-output>
          </reporter-output>
        </test-method> <!-- afterEachTestMethod -->
      </class> <!-- selectionMenuTest.RadioButtonTest -->
    </test> <!-- LetsKodeIt -->
  </suite> <!-- Walmart Automation Script  -->
</testng-results>
