-------------------------------------------------------------------------------
Test set: TestSuite
-------------------------------------------------------------------------------
Tests run: 2, Failures: 1, Errors: 0, Skipped: 0, Time elapsed: 28.8 s <<< FAILURE! - in TestSuite
selectionRadioButtonTest(selectionMenuTest.RadioButtonTest)  Time elapsed: 0.372 s  <<< FAILURE!
java.lang.IndexOutOfBoundsException: Index 3 out of bounds for length 3
	at selectionMenuTest.RadioButtonTest.selectionRadioButtonTest(RadioButtonTest.java:17)

