<?xml version="1.0" encoding="UTF-8"?>
<testng-results ignored="0" total="1" passed="1" failed="0" skipped="0">
  <reporter-output>
    <line>
      <![CDATA[Extent Report Directory/Users/mirouflyer/mirou-workspace/FrameWorkTest1/LetsKodeIt/target/surefire-reports/html]]>
    </line>
    <line>
      <![CDATA[Browser is launching]]>
    </line>
    <line>
      <![CDATA[PageTitleTest: title Page Test]]>
    </line>
  </reporter-output>
  <suite started-at="2020-05-23T03:40:57Z" name="Walmart Automation Script " finished-at="2020-05-23T03:41:25Z" duration-ms="27858">
    <groups>
    </groups>
    <test started-at="2020-05-23T03:40:57Z" name="LetsKodeIt" finished-at="2020-05-23T03:41:25Z" duration-ms="27858">
      <class name="pageHomeTitleTest.PageTitleTest">
        <test-method is-config="true" signature="extentSetup(org.testng.ITestContext)[pri:0, instance:pageHomeTitleTest.PageTitleTest@7cc0cdad]" started-at="2020-05-23T03:40:57Z" name="extentSetup" finished-at="2020-05-23T03:40:57Z" duration-ms="171" status="PASS">
          <params>
            <param index="0">
              <value>
                <![CDATA[org.testng.TestRunner@6d6cb754]]>
              </value>
            </param>
          </params>
          <reporter-output>
            <line>
              <![CDATA[Extent Report Directory/Users/mirouflyer/mirou-workspace/FrameWorkTest1/LetsKodeIt/target/surefire-reports/html]]>
            </line>
          </reporter-output>
        </test-method> <!-- extentSetup -->
        <test-method is-config="true" signature="setUp(boolean, java.lang.String, java.lang.String, java.lang.String, java.lang.String, java.lang.String, java.lang.String)[pri:0, instance:pageHomeTitleTest.PageTitleTest@7cc0cdad]" started-at="2020-05-23T03:40:57Z" name="setUp" finished-at="2020-05-23T03:41:22Z" duration-ms="24104" status="PASS">
          <params>
            <param index="0">
              <value>
                <![CDATA[false]]>
              </value>
            </param>
            <param index="1">
              <value>
                <![CDATA[browserstack]]>
              </value>
            </param>
            <param index="2">
              <value>
                <![CDATA[OS X]]>
              </value>
            </param>
            <param index="3">
              <value>
                <![CDATA[Sierra]]>
              </value>
            </param>
            <param index="4">
              <value>
                <![CDATA[firefox]]>
              </value>
            </param>
            <param index="5">
              <value>
                <![CDATA[76]]>
              </value>
            </param>
            <param index="6">
              <value>
                <![CDATA[https://letskodeit.teachable.com/p/practice]]>
              </value>
            </param>
          </params>
          <reporter-output>
          </reporter-output>
        </test-method> <!-- setUp -->
        <test-method is-config="true" signature="startExtent(java.lang.reflect.Method)[pri:0, instance:pageHomeTitleTest.PageTitleTest@7cc0cdad]" started-at="2020-05-23T03:41:22Z" name="startExtent" finished-at="2020-05-23T03:41:22Z" duration-ms="4" status="PASS">
          <params>
            <param index="0">
              <value>
                <![CDATA[public void pageHomeTitleTest.PageTitleTest.titlePageTest()]]>
              </value>
            </param>
          </params>
          <reporter-output>
          </reporter-output>
        </test-method> <!-- startExtent -->
        <test-method signature="titlePageTest()[pri:0, instance:pageHomeTitleTest.PageTitleTest@7cc0cdad]" started-at="2020-05-23T03:41:22Z" name="titlePageTest" finished-at="2020-05-23T03:41:22Z" duration-ms="24" status="PASS">
          <reporter-output>
            <line>
              <![CDATA[Browser is launching]]>
            </line>
            <line>
              <![CDATA[PageTitleTest: title Page Test]]>
            </line>
          </reporter-output>
        </test-method> <!-- titlePageTest -->
        <test-method is-config="true" signature="afterEachTestMethod(org.testng.ITestResult)[pri:0, instance:pageHomeTitleTest.PageTitleTest@7cc0cdad]" started-at="2020-05-23T03:41:22Z" name="afterEachTestMethod" finished-at="2020-05-23T03:41:25Z" duration-ms="3719" status="PASS">
          <params>
            <param index="0">
              <value>
                <![CDATA[[TestResult name=titlePageTest status=SUCCESS method=PageTitleTest.titlePageTest()[pri:0, instance:pageHomeTitleTest.PageTitleTest@7cc0cdad] output=Browser is launching]]]>
              </value>
            </param>
          </params>
          <reporter-output>
          </reporter-output>
        </test-method> <!-- afterEachTestMethod -->
        <test-method is-config="true" signature="generateReport()[pri:0, instance:pageHomeTitleTest.PageTitleTest@7cc0cdad]" started-at="2020-05-23T03:41:25Z" name="generateReport" finished-at="2020-05-23T03:41:25Z" duration-ms="26" status="PASS">
          <reporter-output>
          </reporter-output>
        </test-method> <!-- generateReport -->
      </class> <!-- pageHomeTitleTest.PageTitleTest -->
    </test> <!-- LetsKodeIt -->
  </suite> <!-- Walmart Automation Script  -->
</testng-results>
