<?xml version="1.0" encoding="UTF-8"?>
<!-- Generated by org.testng.reporters.JUnitXMLReporter -->
<testsuite ignored="2" hostname="Mirouflyers-MBP" failures="1" tests="2" name="LetsKodeIt" time="28.365" errors="0" timestamp="23 May 2020 04:17:56 GMT">
  <testcase classname="pageHomeTitleTest.PageTitleTest" name="titlePageTest" time="0.017"/>
  <testcase classname="selectionMenuTest.RadioButtonTest" name="selectionRadioButtonTest" time="0.368">
    <failure type="java.lang.IndexOutOfBoundsException" message="Index 3 out of bounds for length 3">
      <![CDATA[java.lang.IndexOutOfBoundsException: Index 3 out of bounds for length 3
at java.base/jdk.internal.util.Preconditions.outOfBounds(Preconditions.java:64)
at java.base/jdk.internal.util.Preconditions.outOfBoundsCheckIndex(Preconditions.java:70)
at java.base/jdk.internal.util.Preconditions.checkIndex(Preconditions.java:248)
at java.base/java.util.Objects.checkIndex(Objects.java:372)
at java.base/java.util.ArrayList.get(ArrayList.java:458)
at org.openqa.selenium.support.pagefactory.internal.LocatingElementListHandler.invoke(LocatingElementListHandler.java:39)
at com.sun.proxy.$Proxy13.get(Unknown Source)
at selectionMenu.RadioButton.selection(RadioButton.java:25)
at selectionMenuTest.RadioButtonTest.selectionRadioButtonTest(RadioButtonTest.java:17)
... Removed 33 stack frames]]>
    </failure>
  </testcase> <!-- selectionRadioButtonTest -->
  <testcase classname="base.CommonAPI" name="@AfterSuite generateReport" time="0.0">
    <ignored/>
  </testcase> <!-- @AfterSuite generateReport -->
  <testcase classname="base.CommonAPI" name="@BeforeSuite extentSetup" time="0.0">
    <ignored/>
  </testcase> <!-- @BeforeSuite extentSetup -->
</testsuite> <!-- LetsKodeIt -->
