<?xml version="1.0" encoding="UTF-8"?>
<!-- Generated by org.testng.reporters.JUnitXMLReporter -->
<testsuite ignored="2" hostname="Mirouflyers-MBP" failures="0" tests="2" name="LetsKodeIt" time="23.787" errors="0" timestamp="23 May 2020 04:20:33 GMT">
  <testcase classname="pageHomeTitleTest.PageTitleTest" name="titlePageTest" time="0.017"/>
  <testcase classname="selectionMenuTest.RadioButtonTest" name="selectionRadioButtonTest" time="0.337"/>
  <testcase classname="base.CommonAPI" name="@AfterSuite generateReport" time="0.0">
    <ignored/>
  </testcase> <!-- @AfterSuite generateReport -->
  <testcase classname="base.CommonAPI" name="@BeforeSuite extentSetup" time="0.0">
    <ignored/>
  </testcase> <!-- @BeforeSuite extentSetup -->
</testsuite> <!-- LetsKodeIt -->
